{
  "RSpec": {
    "coverage": {
      "/Users/alessiobussolari/Lavoro/Github/Personale/better/better_page/lib/better_page.rb": {
        "lines": [
          null,
          null,
          1,
          1,
          null,
          1,
          null,
          1,
          1,
          1,
          1,
          1,
          1,
          null,
          null,
          1,
          1,
          1,
          1,
          1,
          null,
          null,
          1,
          1,
          null,
          null,
          null,
          null,
          1,
          null,
          null,
          null,
          1,
          null,
          null,
          null,
          1,
          1229,
          null,
          null,
          null,
          null,
          null,
          null,
          null,
          null,
          null,
          null,
          null,
          null,
          null,
          1,
          18,
          18,
          null,
          null,
          null,
          null,
          null,
          null,
          1,
          1,
          null,
          null,
          null,
          null,
          null,
          1,
          67,
          null,
          null,
          null,
          null,
          null,
          null,
          1,
          2,
          null,
          null,
          null
        ],
        "branches": {
          "[:if, 0, 4, 0, 4, 57]": {
            "[:then, 1, 4, 0, 4, 29]": 1,
            "[:else, 2, 4, 0, 4, 57]": 0
          }
        }
      },
      "/Users/alessiobussolari/Lavoro/Github/Personale/better/better_page/lib/better_page/railtie.rb": {
        "lines": [
          null,
          null,
          1,
          1,
          null,
          null,
          1,
          1,
          1,
          1,
          1,
          null,
          null,
          null,
          null,
          null,
          1,
          1,
          1,
          null,
          null,
          null,
          1,
          0,
          null,
          null,
          null,
          1,
          0,
          0,
          0,
          null,
          null,
          null
        ],
        "branches": {
          "[:if, 0, 9, 6, 12, 9]": {
            "[:then, 1, 10, 8, 11, 54]": 1,
            "[:else, 2, 9, 6, 12, 9]": 0
          }
        }
      },
      "/Users/alessiobussolari/Lavoro/Github/Personale/better/better_page/lib/better_page/default_components.rb": {
        "lines": [
          null,
          null,
          1,
          null,
          null,
          null,
          null,
          null,
          null,
          null,
          null,
          null,
          1,
          1,
          null,
          null,
          1,
          15,
          15,
          15,
          15,
          15,
          15,
          null,
          15,
          15,
          null,
          null,
          null,
          null,
          null,
          1,
          6,
          null,
          null,
          null,
          null,
          null,
          null,
          1,
          null,
          1,
          null,
          15,
          15,
          15,
          15,
          15,
          15,
          null,
          null,
          null,
          15,
          null,
          null,
          15,
          null,
          null,
          15,
          null,
          null,
          15,
          null,
          null,
          1,
          null,
          15,
          15,
          15,
          15,
          15,
          15,
          15,
          15,
          15,
          null,
          null,
          null,
          null,
          15,
          null,
          null,
          15,
          15,
          15,
          15,
          null,
          null,
          null,
          15,
          null,
          null,
          null,
          null,
          null,
          15,
          15,
          15,
          15,
          null,
          null,
          null,
          15,
          15,
          15,
          15,
          15,
          15,
          null,
          null,
          null,
          15,
          null,
          null,
          null,
          null,
          null,
          null,
          15,
          15,
          15,
          15,
          15,
          null,
          null,
          null,
          15,
          null,
          null,
          15,
          null,
          null,
          null,
          null,
          null,
          null,
          null,
          null,
          null,
          null,
          null,
          null,
          null,
          null,
          null,
          1,
          null,
          15,
          null,
          null,
          1,
          null,
          15,
          null,
          null,
          15,
          null,
          null,
          1,
          null,
          15,
          null,
          null,
          1,
          null,
          15,
          null,
          null,
          null,
          null,
          null,
          15,
          null,
          null,
          null,
          null,
          15,
          null,
          null,
          null,
          15,
          null,
          null,
          null,
          1,
          null,
          15,
          null,
          null,
          15,
          null,
          null,
          15,
          null,
          null,
          15,
          null,
          null,
          null,
          null
        ],
        "branches": {}
      },
      "/Users/alessiobussolari/Lavoro/Github/Personale/better/better_page/lib/better_page/configuration.rb": {
        "lines": [
          null,
          null,
          1,
          null,
          1,
          null,
          null,
          null,
          null,
          null,
          null,
          null,
          null,
          null,
          1,
          1,
          null,
          1,
          45,
          null,
          45,
          null,
          null,
          null,
          null,
          null,
          45,
          null,
          null,
          null,
          null,
          null,
          null,
          null,
          null,
          null,
          null,
          null,
          null,
          null,
          null,
          null,
          null,
          null,
          null,
          null,
          null,
          null,
          null,
          1,
          279,
          null,
          279,
          null,
          null,
          null,
          null,
          null,
          null,
          null,
          null,
          null,
          null,
          null,
          null,
          null,
          null,
          null,
          null,
          null,
          1,
          74,
          74,
          74,
          74,
          null,
          null,
          null,
          null,
          null,
          null,
          null,
          null,
          null,
          null,
          null,
          1,
          76,
          76,
          76,
          76,
          null,
          null,
          null,
          null,
          null,
          null,
          1,
          86,
          null,
          null,
          null,
          null,
          null,
          null,
          null,
          1,
          546,
          546,
          null,
          null,
          431,
          null,
          null,
          null,
          null,
          null,
          null,
          1,
          546,
          null,
          null,
          null,
          null,
          null,
          1,
          12,
          null,
          null,
          null,
          null,
          1,
          3,
          3,
          3,
          null,
          null,
          null,
          1,
          3,
          3,
          3,
          3,
          3,
          null,
          null,
          1,
          null,
          1,
          30,
          null,
          null,
          null
        ],
        "branches": {
          "[:if, 0, 51, 15, 51, 69]": {
            "[:then, 1, 51, 30, 51, 63]": 91,
            "[:else, 2, 51, 66, 51, 69]": 188
          },
          "[:if, 3, 109, 6, 109, 49]": {
            "[:then, 4, 109, 6, 109, 17]": 115,
            "[:else, 5, 109, 6, 109, 49]": 431
          },
          "[:\"&.\", 6, 112, 6, 112, 34]": {
            "[:then, 7, 112, 6, 112, 34]": 430,
            "[:else, 8, 112, 6, 112, 34]": 1
          },
          "[:if, 9, 150, 34, 150, 60]": {
            "[:then, 10, 150, 51, 150, 56]": 24,
            "[:else, 11, 150, 59, 150, 60]": 0
          }
        }
      },
      "/Users/alessiobussolari/Lavoro/Github/Personale/better/better_page/lib/better_page/component_registry.rb": {
        "lines": [
          null,
          null,
          1,
          null,
          1,
          null,
          null,
          null,
          null,
          null,
          null,
          null,
          null,
          null,
          null,
          null,
          null,
          null,
          null,
          null,
          null,
          null,
          null,
          null,
          null,
          null,
          1,
          1,
          null,
          1,
          36,
          36,
          null,
          null,
          1,
          null,
          null,
          null,
          null,
          null,
          null,
          null,
          null,
          null,
          null,
          null,
          1,
          81,
          8,
          null,
          73,
          null,
          null,
          null,
          null,
          null,
          null,
          null,
          null,
          null,
          null,
          null,
          null,
          null,
          null,
          null,
          null,
          null,
          null,
          null,
          1,
          97,
          null,
          97,
          null,
          null,
          null,
          null,
          null,
          null,
          null,
          null,
          null,
          null,
          null,
          null,
          null,
          1,
          87,
          null,
          null,
          87,
          62,
          62,
          536,
          536,
          null,
          null,
          536,
          null,
          536,
          null,
          null,
          null,
          null,
          null,
          null,
          null,
          null,
          null,
          87,
          71,
          null,
          null,
          87,
          null,
          null,
          null,
          null,
          null,
          1,
          1,
          null,
          null,
          null,
          1,
          90,
          90,
          null,
          null,
          1,
          null,
          1,
          17,
          null,
          null,
          null,
          null,
          null,
          null,
          1,
          72,
          null,
          72,
          508,
          508,
          507,
          null,
          null,
          71,
          null,
          null,
          null,
          null,
          null,
          null,
          null,
          null,
          null,
          null,
          null,
          null,
          null,
          1,
          8,
          8,
          null,
          7,
          7,
          null,
          null,
          4,
          null,
          null,
          null,
          null,
          null,
          null,
          null,
          null,
          null,
          null,
          null,
          1,
          12,
          12,
          null,
          12,
          22,
          null,
          22,
          22,
          null,
          null,
          14,
          null,
          null,
          null,
          null,
          null,
          null,
          null,
          null,
          null,
          null,
          null,
          1,
          0,
          null,
          null,
          null,
          null,
          null,
          null,
          1,
          19,
          null,
          null,
          null,
          null,
          null,
          null,
          1,
          3,
          null,
          null,
          null,
          null,
          null,
          null,
          1,
          4,
          null,
          null,
          null,
          null,
          null,
          null,
          1,
          14,
          null,
          null,
          null,
          null,
          null,
          null,
          null,
          null,
          null,
          null,
          null,
          null,
          null,
          null,
          null,
          1,
          12,
          null,
          12,
          5,
          5,
          4,
          null,
          1,
          null,
          7,
          7,
          7,
          6,
          null,
          1,
          null,
          null,
          0,
          null,
          null,
          null,
          1,
          387,
          null,
          387,
          8,
          8,
          8,
          null,
          379,
          null,
          null,
          null,
          1,
          null,
          null,
          null,
          null,
          null,
          1,
          null,
          38,
          19,
          19,
          19,
          19,
          19,
          19,
          19,
          19,
          19,
          19,
          19,
          null,
          null,
          null,
          1,
          29,
          26,
          22,
          null,
          18,
          null,
          null,
          1,
          508,
          136,
          null,
          372,
          null,
          null,
          null,
          1,
          null,
          508,
          2,
          null,
          null,
          null,
          508,
          null,
          null,
          187,
          1,
          null,
          186,
          null,
          null,
          187,
          null,
          1,
          null,
          null,
          null,
          null,
          1,
          1,
          1,
          1,
          1,
          null,
          null,
          1,
          0,
          null,
          null,
          1,
          null,
          null,
          null,
          1,
          3,
          1,
          2,
          2,
          null,
          0,
          null,
          null,
          null,
          null,
          null,
          1,
          1,
          null,
          1,
          914,
          914,
          914,
          914,
          null,
          null,
          1,
          951,
          null,
          null,
          null
        ],
        "branches": {
          "[:if, 0, 48, 8, 52, 11]": {
            "[:then, 1, 49, 10, 49, 32]": 8,
            "[:else, 2, 51, 10, 51, 20]": 73
          },
          "[:if, 3, 72, 17, 72, 65]": {
            "[:then, 4, 72, 32, 72, 59]": 17,
            "[:else, 5, 72, 62, 72, 65]": 80
          },
          "[:if, 6, 92, 8, 108, 11]": {
            "[:then, 7, 93, 10, 107, 13]": 62,
            "[:else, 8, 92, 8, 108, 11]": 25
          },
          "[:unless, 9, 96, 12, 96, 34]": {
            "[:else, 10, 96, 12, 96, 34]": 536,
            "[:then, 11, 96, 12, 96, 16]": 0
          },
          "[:unless, 12, 166, 6, 166, 54]": {
            "[:else, 13, 166, 6, 166, 54]": 7,
            "[:then, 14, 166, 6, 166, 16]": 1
          },
          "[:if, 15, 169, 6, 169, 48]": {
            "[:then, 16, 169, 6, 169, 16]": 3,
            "[:else, 17, 169, 6, 169, 48]": 4
          },
          "[:if, 18, 186, 24, 186, 82]": {
            "[:then, 19, 186, 44, 186, 61]": 3,
            "[:else, 20, 186, 64, 186, 82]": 9
          },
          "[:unless, 21, 189, 8, 189, 40]": {
            "[:else, 22, 189, 8, 189, 40]": 22,
            "[:then, 23, 189, 8, 189, 12]": 0
          },
          "[:if, 24, 192, 8, 192, 44]": {
            "[:then, 25, 192, 8, 192, 12]": 8,
            "[:else, 26, 192, 8, 192, 44]": 14
          },
          "[:if, 27, 259, 6, 275, 9]": {
            "[:then, 28, 260, 8, 265, 11]": 5,
            "[:else, 29, 266, 6, 274, 13]": 7
          },
          "[:if, 30, 261, 8, 265, 11]": {
            "[:then, 31, 262, 10, 262, 27]": 4,
            "[:else, 32, 264, 10, 264, 15]": 1
          },
          "[:if, 33, 266, 6, 274, 13]": {
            "[:then, 34, 267, 8, 272, 11]": 7,
            "[:else, 35, 274, 8, 274, 13]": 0
          },
          "[:if, 36, 268, 8, 272, 11]": {
            "[:then, 37, 269, 10, 269, 28]": 6,
            "[:else, 38, 271, 10, 271, 15]": 1
          },
          "[:if, 39, 281, 6, 287, 9]": {
            "[:then, 40, 282, 8, 284, 47]": 8,
            "[:else, 41, 286, 8, 286, 13]": 379
          },
          "[:if, 42, 282, 17, 282, 72]": {
            "[:then, 43, 282, 52, 282, 60]": 4,
            "[:else, 44, 282, 63, 282, 72]": 4
          },
          "[:if, 45, 298, 16, 298, 97]": {
            "[:then, 46, 298, 60, 298, 91]": 19,
            "[:else, 47, 298, 94, 298, 97]": 0
          },
          "[:if, 48, 299, 15, 299, 94]": {
            "[:then, 49, 299, 58, 299, 88]": 19,
            "[:else, 50, 299, 91, 299, 94]": 0
          },
          "[:if, 51, 300, 16, 300, 97]": {
            "[:then, 52, 300, 60, 300, 91]": 0,
            "[:else, 53, 300, 94, 300, 97]": 19
          },
          "[:if, 54, 301, 20, 301, 109]": {
            "[:then, 55, 301, 68, 301, 103]": 0,
            "[:else, 56, 301, 106, 301, 109]": 19
          },
          "[:if, 57, 302, 20, 302, 109]": {
            "[:then, 58, 302, 68, 302, 103]": 0,
            "[:else, 59, 302, 106, 302, 109]": 19
          },
          "[:if, 60, 303, 18, 303, 103]": {
            "[:then, 61, 303, 64, 303, 97]": 0,
            "[:else, 62, 303, 100, 303, 103]": 19
          },
          "[:if, 63, 304, 14, 304, 91]": {
            "[:then, 64, 304, 56, 304, 85]": 19,
            "[:else, 65, 304, 88, 304, 91]": 0
          },
          "[:if, 66, 305, 16, 305, 97]": {
            "[:then, 67, 305, 60, 305, 91]": 0,
            "[:else, 68, 305, 94, 305, 97]": 19
          },
          "[:if, 69, 306, 15, 306, 94]": {
            "[:then, 70, 306, 58, 306, 88]": 0,
            "[:else, 71, 306, 91, 306, 94]": 19
          },
          "[:if, 72, 307, 16, 307, 97]": {
            "[:then, 73, 307, 60, 307, 91]": 0,
            "[:else, 74, 307, 94, 307, 97]": 19
          },
          "[:if, 75, 308, 25, 308, 122]": {
            "[:then, 76, 308, 77, 308, 116]": 0,
            "[:else, 77, 308, 119, 308, 122]": 19
          },
          "[:if, 78, 309, 16, 309, 97]": {
            "[:then, 79, 309, 60, 309, 91]": 0,
            "[:else, 80, 309, 94, 309, 97]": 19
          },
          "[:if, 81, 314, 6, 314, 31]": {
            "[:then, 82, 314, 6, 314, 17]": 3,
            "[:else, 83, 314, 6, 314, 31]": 26
          },
          "[:if, 84, 315, 6, 315, 55]": {
            "[:then, 85, 315, 6, 315, 17]": 4,
            "[:else, 86, 315, 6, 315, 55]": 22
          },
          "[:if, 87, 316, 6, 316, 66]": {
            "[:then, 88, 316, 6, 316, 17]": 4,
            "[:else, 89, 316, 6, 316, 66]": 18
          },
          "[:if, 90, 322, 6, 326, 9]": {
            "[:then, 91, 323, 8, 323, 18]": 136,
            "[:else, 92, 325, 8, 325, 26]": 372
          },
          "[:if, 93, 331, 6, 333, 9]": {
            "[:then, 94, 332, 8, 332, 82]": 2,
            "[:else, 95, 331, 6, 333, 9]": 506
          },
          "[:unless, 96, 336, 6, 336, 46]": {
            "[:else, 97, 336, 6, 336, 46]": 187,
            "[:then, 98, 336, 6, 336, 12]": 321
          },
          "[:if, 99, 339, 26, 343, 9]": {
            "[:then, 100, 340, 28, 340, 68]": 1,
            "[:else, 101, 342, 28, 342, 57]": 186
          },
          "[:if, 102, 345, 6, 345, 42]": {
            "[:then, 103, 345, 6, 345, 12]": 186,
            "[:else, 104, 345, 6, 345, 42]": 1
          },
          "[:unless, 105, 356, 8, 356, 65]": {
            "[:else, 106, 356, 8, 356, 65]": 0,
            "[:then, 107, 356, 8, 356, 42]": 1
          },
          "[:if, 108, 359, 6, 364, 9]": {
            "[:then, 109, 360, 8, 360, 86]": 0,
            "[:else, 110, 363, 8, 363, 77]": 1
          },
          "[:if, 111, 368, 6, 374, 9]": {
            "[:then, 112, 369, 8, 369, 50]": 1,
            "[:else, 113, 370, 6, 373, 38]": 2
          },
          "[:if, 114, 370, 6, 373, 38]": {
            "[:then, 115, 371, 8, 371, 51]": 2,
            "[:else, 116, 373, 8, 373, 38]": 0
          }
        }
      },
      "/Users/alessiobussolari/Lavoro/Github/Personale/better/better_page/lib/better_page/base_page.rb": {
        "lines": [
          null,
          null,
          1,
          null,
          null,
          null,
          null,
          null,
          null,
          null,
          null,
          null,
          null,
          null,
          null,
          null,
          null,
          1,
          1,
          1,
          null,
          1,
          null,
          null,
          null,
          1,
          95,
          95,
          95,
          95,
          95,
          95,
          null,
          null,
          1,
          null,
          null,
          null,
          null,
          null,
          null,
          1,
          4,
          null,
          null,
          null,
          null,
          null,
          null,
          1,
          3,
          null,
          2,
          null,
          null,
          null,
          null,
          null,
          null,
          1,
          4,
          null,
          3,
          null,
          null,
          null,
          null,
          null,
          null,
          null,
          null,
          null,
          null,
          1,
          null,
          2,
          null,
          null,
          null,
          null,
          2,
          1,
          null,
          null,
          null,
          null,
          null,
          null,
          2,
          null,
          null,
          null,
          null,
          null,
          1,
          1,
          null,
          null,
          null,
          null,
          1,
          1,
          null,
          null,
          null,
          null,
          1,
          1,
          null,
          null,
          null,
          null,
          1,
          1,
          null,
          null,
          null,
          null,
          1,
          1,
          null,
          null,
          null,
          null,
          1,
          null,
          1,
          null,
          null,
          null,
          null,
          null,
          null,
          null,
          1,
          null,
          1,
          null,
          null,
          null,
          null,
          null,
          null,
          null,
          null,
          null,
          null,
          null,
          null,
          null,
          null,
          null,
          1,
          null,
          1,
          null,
          null,
          null,
          null,
          null,
          null
        ],
        "branches": {
          "[:if, 0, 43, 18, 43, 48]": {
            "[:then, 1, 43, 31, 43, 39]": 1,
            "[:else, 2, 43, 42, 43, 48]": 3
          },
          "[:unless, 3, 51, 6, 51, 30]": {
            "[:else, 4, 51, 6, 51, 30]": 2,
            "[:then, 5, 51, 6, 51, 18]": 1
          },
          "[:if, 6, 61, 6, 61, 29]": {
            "[:then, 7, 61, 6, 61, 14]": 1,
            "[:else, 8, 61, 6, 61, 29]": 3
          },
          "[:if, 9, 81, 6, 87, 9]": {
            "[:then, 10, 82, 8, 86, 9]": 1,
            "[:else, 11, 81, 6, 87, 9]": 1
          }
        }
      },
      "/Users/alessiobussolari/Lavoro/Github/Personale/better/better_page/lib/better_page/compliance/analyzer.rb": {
        "lines": [
          null,
          null,
          1,
          1,
          null,
          null,
          null,
          null,
          null,
          null,
          null,
          null,
          1,
          1,
          null,
          1,
          75,
          75,
          75,
          75,
          75,
          75,
          null,
          null,
          null,
          null,
          1,
          2,
          2,
          null,
          2,
          2,
          null,
          2,
          6,
          null,
          6,
          6,
          null,
          6,
          null,
          6,
          0,
          0,
          null,
          null,
          null,
          2,
          2,
          null,
          null,
          null,
          null,
          null,
          1,
          54,
          null,
          null,
          53,
          null,
          null,
          null,
          null,
          null,
          null,
          null,
          null,
          null,
          53,
          53,
          53,
          53,
          53,
          null,
          null,
          53,
          53,
          26,
          27,
          22,
          null,
          5,
          null,
          null,
          53,
          null,
          null,
          1,
          null,
          null,
          null,
          null,
          null,
          null,
          null,
          null,
          null,
          null,
          null,
          null,
          null,
          1,
          3,
          3,
          1,
          1,
          1,
          null,
          null,
          3,
          3,
          3,
          null,
          3,
          1,
          2,
          null,
          null,
          3,
          1,
          2,
          null,
          null,
          3,
          null,
          null,
          null,
          null,
          1,
          9,
          9,
          9,
          9,
          9,
          9,
          9,
          null,
          null,
          36,
          9,
          9,
          9,
          9,
          9,
          18,
          null,
          9,
          null,
          null,
          null,
          36,
          9,
          9,
          9,
          9,
          11,
          24,
          null,
          9,
          null,
          null,
          9,
          null,
          null,
          1,
          null,
          1,
          2,
          null,
          null,
          1,
          53,
          53,
          null,
          null,
          1,
          53,
          53,
          null,
          14,
          14,
          null,
          11,
          null,
          null,
          1,
          53,
          null,
          3,
          null,
          2,
          null,
          11,
          null,
          28,
          null,
          1,
          null,
          2,
          null,
          1,
          null,
          2,
          null,
          3,
          null,
          null,
          null,
          1,
          null,
          53,
          53,
          null,
          null,
          53,
          11,
          11,
          8,
          null,
          null,
          null,
          null,
          53,
          null,
          3,
          null,
          null,
          1,
          null,
          null,
          53,
          null,
          null,
          null,
          null,
          null,
          null,
          null,
          53,
          318,
          null,
          null,
          null,
          null,
          53,
          null,
          null,
          null,
          null,
          null,
          53,
          212,
          null,
          null,
          null,
          53,
          1,
          null,
          null,
          null,
          53,
          null,
          null,
          null,
          null,
          null,
          null,
          53,
          206,
          4,
          4,
          null,
          null,
          null,
          null,
          1,
          53,
          null,
          null,
          null,
          53,
          null,
          28,
          28,
          null,
          null,
          1,
          1,
          null,
          null,
          3,
          3,
          null,
          null,
          2,
          2,
          null,
          null,
          null,
          53,
          336,
          null,
          53,
          null,
          41,
          null,
          null,
          1,
          null,
          53,
          1,
          null,
          null,
          null,
          53,
          null,
          null,
          null,
          null,
          null,
          null,
          53,
          206,
          3,
          3,
          null,
          null,
          null,
          null,
          1,
          null,
          53,
          2,
          null,
          null,
          null,
          53,
          5,
          null,
          null,
          null,
          1,
          34,
          65,
          4,
          null,
          null,
          null,
          null,
          1,
          9,
          null,
          1,
          null,
          5,
          null,
          3,
          null,
          null,
          null,
          1,
          30,
          null,
          29,
          null,
          null,
          1,
          15,
          15,
          null,
          15,
          15,
          40,
          35,
          35,
          null,
          null,
          null,
          15,
          13,
          41,
          28,
          null,
          null,
          2,
          null,
          null,
          15,
          15,
          null,
          15,
          12,
          12,
          12,
          null,
          null,
          15,
          13,
          13,
          13,
          null,
          null,
          15,
          2,
          null,
          null,
          null,
          null,
          null
        ],
        "branches": {
          "[:unless, 0, 35, 10, 35, 77]": {
            "[:else, 1, 35, 10, 35, 77]": 0,
            "[:then, 2, 35, 10, 35, 61]": 6
          },
          "[:if, 3, 42, 10, 45, 13]": {
            "[:then, 4, 43, 12, 44, 16]": 0,
            "[:else, 5, 42, 10, 45, 13]": 6
          },
          "[:unless, 6, 48, 8, 48, 53]": {
            "[:else, 7, 48, 8, 48, 53]": 0,
            "[:then, 8, 48, 8, 48, 37]": 2
          },
          "[:if, 9, 77, 26, 83, 11]": {
            "[:then, 10, 78, 28, 78, 34]": 26,
            "[:else, 11, 79, 8, 82, 38]": 27
          },
          "[:if, 12, 79, 8, 82, 38]": {
            "[:then, 13, 80, 28, 80, 36]": 22,
            "[:else, 14, 82, 28, 82, 38]": 5
          },
          "[:case, 15, 104, 22, 108, 11]": {
            "[:when, 16, 105, 29, 105, 35]": 1,
            "[:when, 17, 106, 27, 106, 35]": 1,
            "[:when, 18, 107, 25, 107, 34]": 1,
            "[:else, 19, 104, 22, 108, 11]": 0
          },
          "[:if, 20, 111, 8, 111, 88]": {
            "[:then, 21, 111, 8, 111, 52]": 3,
            "[:else, 22, 111, 8, 111, 88]": 0
          },
          "[:if, 23, 112, 8, 112, 119]": {
            "[:then, 24, 112, 8, 112, 85]": 3,
            "[:else, 25, 112, 8, 112, 119]": 0
          },
          "[:if, 26, 114, 8, 117, 11]": {
            "[:then, 27, 115, 10, 116, 71]": 1,
            "[:else, 28, 114, 8, 117, 11]": 2
          },
          "[:if, 29, 119, 8, 122, 11]": {
            "[:then, 30, 120, 10, 121, 77]": 1,
            "[:else, 31, 119, 8, 122, 11]": 2
          },
          "[:if, 32, 140, 8, 148, 11]": {
            "[:then, 33, 141, 10, 147, 14]": 9,
            "[:else, 34, 140, 8, 148, 11]": 0
          },
          "[:if, 35, 152, 8, 160, 11]": {
            "[:then, 36, 153, 10, 159, 14]": 9,
            "[:else, 37, 152, 8, 160, 11]": 0
          },
          "[:if, 38, 173, 8, 173, 36]": {
            "[:then, 39, 173, 16, 173, 24]": 51,
            "[:else, 40, 173, 27, 173, 36]": 2
          },
          "[:unless, 41, 178, 8, 178, 55]": {
            "[:else, 42, 178, 8, 178, 55]": 14,
            "[:then, 43, 178, 8, 178, 24]": 39
          },
          "[:if, 44, 181, 8, 181, 56]": {
            "[:then, 45, 181, 8, 181, 21]": 3,
            "[:else, 46, 181, 8, 181, 56]": 11
          },
          "[:case, 47, 187, 8, 206, 11]": {
            "[:when, 48, 189, 10, 189, 15]": 3,
            "[:when, 49, 191, 10, 191, 20]": 2,
            "[:when, 50, 193, 10, 193, 26]": 11,
            "[:when, 51, 195, 10, 195, 21]": 28,
            "[:when, 52, 197, 10, 197, 20]": 1,
            "[:when, 53, 199, 10, 199, 20]": 2,
            "[:when, 54, 201, 10, 201, 20]": 1,
            "[:when, 55, 203, 10, 203, 22]": 2,
            "[:else, 56, 205, 10, 205, 18]": 3
          },
          "[:unless, 57, 212, 8, 212, 96]": {
            "[:else, 58, 212, 8, 212, 96]": 51,
            "[:then, 59, 212, 8, 212, 60]": 2
          },
          "[:if, 60, 215, 8, 220, 11]": {
            "[:then, 61, 216, 10, 219, 13]": 11,
            "[:else, 62, 215, 8, 220, 11]": 42
          },
          "[:unless, 63, 217, 10, 219, 13]": {
            "[:else, 64, 217, 10, 219, 13]": 3,
            "[:then, 65, 218, 12, 218, 89]": 8
          },
          "[:if, 66, 223, 8, 223, 83]": {
            "[:then, 67, 223, 8, 223, 14]": 50,
            "[:else, 68, 223, 8, 223, 83]": 3
          },
          "[:if, 69, 240, 10, 240, 79]": {
            "[:then, 70, 240, 10, 240, 44]": 8,
            "[:else, 71, 240, 10, 240, 79]": 310
          },
          "[:if, 72, 252, 10, 252, 79]": {
            "[:then, 73, 252, 10, 252, 44]": 4,
            "[:else, 74, 252, 10, 252, 79]": 208
          },
          "[:if, 75, 256, 8, 258, 11]": {
            "[:then, 76, 257, 10, 257, 69]": 1,
            "[:else, 77, 256, 8, 258, 11]": 52
          },
          "[:if, 78, 269, 10, 272, 13]": {
            "[:then, 79, 270, 12, 271, 17]": 4,
            "[:else, 80, 269, 10, 272, 13]": 202
          },
          "[:case, 81, 281, 8, 297, 11]": {
            "[:when, 82, 283, 10, 284, 77]": 28,
            "[:when, 83, 287, 10, 288, 77]": 1,
            "[:when, 84, 291, 10, 292, 77]": 3,
            "[:when, 85, 295, 10, 296, 77]": 2,
            "[:else, 86, 281, 8, 297, 11]": 19
          },
          "[:if, 87, 303, 8, 303, 66]": {
            "[:then, 88, 303, 8, 303, 14]": 12,
            "[:else, 89, 303, 8, 303, 66]": 41
          },
          "[:if, 90, 310, 8, 312, 11]": {
            "[:then, 91, 311, 10, 311, 85]": 1,
            "[:else, 92, 310, 8, 312, 11]": 52
          },
          "[:if, 93, 323, 10, 326, 13]": {
            "[:then, 94, 324, 12, 325, 17]": 3,
            "[:else, 95, 323, 10, 326, 13]": 203
          },
          "[:if, 96, 332, 8, 334, 11]": {
            "[:then, 97, 333, 10, 333, 82]": 2,
            "[:else, 98, 332, 8, 334, 11]": 51
          },
          "[:if, 99, 337, 8, 339, 11]": {
            "[:then, 100, 338, 10, 338, 93]": 5,
            "[:else, 101, 337, 8, 339, 11]": 48
          },
          "[:unless, 102, 344, 10, 346, 13]": {
            "[:else, 103, 344, 10, 346, 13]": 61,
            "[:then, 104, 345, 12, 345, 77]": 4
          },
          "[:case, 105, 351, 8, 358, 11]": {
            "[:when, 106, 353, 10, 353, 31]": 1,
            "[:when, 107, 355, 10, 355, 29]": 5,
            "[:when, 108, 357, 10, 357, 27]": 3,
            "[:else, 109, 351, 8, 358, 11]": 0
          },
          "[:if, 110, 362, 8, 362, 38]": {
            "[:then, 111, 362, 8, 362, 16]": 1,
            "[:else, 112, 362, 8, 362, 38]": 29
          },
          "[:if, 113, 379, 8, 386, 11]": {
            "[:then, 114, 380, 10, 383, 13]": 13,
            "[:else, 115, 385, 10, 385, 41]": 2
          },
          "[:if, 116, 391, 8, 395, 11]": {
            "[:then, 117, 392, 10, 394, 76]": 12,
            "[:else, 118, 391, 8, 395, 11]": 3
          },
          "[:if, 119, 397, 8, 401, 11]": {
            "[:then, 120, 398, 10, 400, 79]": 13,
            "[:else, 121, 397, 8, 401, 11]": 2
          },
          "[:if, 122, 398, 17, 398, 41]": {
            "[:then, 123, 398, 36, 398, 37]": 12,
            "[:else, 124, 398, 40, 398, 41]": 1
          },
          "[:if, 125, 403, 8, 405, 11]": {
            "[:then, 126, 404, 10, 404, 82]": 2,
            "[:else, 127, 403, 8, 405, 11]": 13
          }
        }
      },
      "/Users/alessiobussolari/Lavoro/Github/Personale/better/better_page/lib/better_page/config.rb": {
        "lines": [
          null,
          null,
          1,
          null,
          null,
          null,
          null,
          null,
          null,
          null,
          null,
          null,
          null,
          null,
          null,
          null,
          1,
          1,
          null,
          null,
          null,
          1,
          122,
          122,
          null,
          null,
          null,
          null,
          1,
          2,
          null,
          null,
          1,
          1,
          null,
          null,
          1,
          1,
          null,
          null,
          1,
          1,
          null,
          null,
          1,
          1,
          null,
          null,
          1,
          1,
          null,
          null,
          1,
          1,
          null,
          null,
          1,
          1,
          null,
          null,
          1,
          1,
          null,
          null,
          1,
          1,
          null,
          null,
          1,
          1,
          null,
          null,
          1,
          1,
          null,
          null,
          null,
          null,
          1,
          1,
          null,
          null,
          null,
          1,
          1,
          null,
          null,
          null,
          null,
          1,
          5,
          null,
          null,
          null,
          1,
          null,
          null,
          null,
          null,
          1,
          130,
          126,
          null,
          4,
          null,
          null,
          null,
          null,
          null,
          null,
          1,
          7,
          null,
          6,
          6,
          5,
          null,
          4,
          null,
          null,
          null,
          null,
          null,
          1,
          56,
          null,
          1,
          null,
          null,
          null,
          1,
          2,
          null,
          null,
          null,
          null,
          1,
          1,
          null,
          null,
          null,
          null,
          null,
          1,
          15,
          15,
          13,
          11,
          null,
          10,
          null,
          null,
          null,
          null,
          1,
          1,
          null,
          null,
          null,
          null,
          1,
          10,
          null,
          null,
          null
        ],
        "branches": {
          "[:if, 0, 24, 14, 24, 112]": {
            "[:then, 1, 24, 33, 24, 79]": 121,
            "[:else, 2, 24, 82, 24, 112]": 1
          },
          "[:if, 3, 101, 6, 105, 9]": {
            "[:then, 4, 102, 8, 102, 23]": 126,
            "[:else, 5, 104, 8, 104, 17]": 4
          },
          "[:if, 6, 112, 6, 112, 31]": {
            "[:then, 7, 112, 6, 112, 16]": 1,
            "[:else, 8, 112, 6, 112, 31]": 6
          },
          "[:if, 9, 115, 6, 115, 36]": {
            "[:then, 10, 115, 6, 115, 18]": 1,
            "[:else, 11, 115, 6, 115, 36]": 5
          },
          "[:unless, 12, 116, 6, 116, 47]": {
            "[:else, 13, 116, 6, 116, 47]": 4,
            "[:then, 14, 116, 6, 116, 16]": 1
          },
          "[:if, 15, 146, 6, 146, 32]": {
            "[:then, 16, 146, 6, 146, 18]": 2,
            "[:else, 17, 146, 6, 146, 32]": 13
          },
          "[:if, 18, 147, 6, 147, 56]": {
            "[:then, 19, 147, 6, 147, 18]": 2,
            "[:else, 20, 147, 6, 147, 56]": 11
          },
          "[:if, 21, 148, 6, 148, 67]": {
            "[:then, 22, 148, 6, 148, 18]": 1,
            "[:else, 23, 148, 6, 148, 67]": 10
          }
        }
      },
      "/Users/alessiobussolari/Lavoro/Github/Personale/better/better_page/lib/better_page/custom_base_page.rb": {
        "lines": [
          null,
          null,
          1,
          null,
          null,
          null,
          null,
          null,
          null,
          null,
          null,
          null,
          null,
          null,
          null,
          null,
          null,
          null,
          null,
          null,
          null,
          1,
          1,
          null,
          null,
          null,
          1,
          4,
          null,
          null,
          null,
          null,
          null,
          null,
          null,
          null,
          null,
          null,
          null,
          null,
          1,
          6,
          null,
          1,
          null,
          null,
          null,
          null,
          1,
          1,
          null,
          null,
          1,
          null,
          null,
          null,
          null,
          null,
          null,
          null,
          1,
          null,
          5,
          null,
          null,
          null,
          null,
          null,
          null,
          null,
          null,
          null,
          null,
          null,
          null,
          1,
          null,
          5,
          null,
          null,
          null,
          null,
          null,
          null,
          null
        ],
        "branches": {
          "[:if, 0, 42, 6, 42, 89]": {
            "[:then, 1, 42, 6, 42, 44]": 5,
            "[:else, 2, 42, 6, 42, 89]": 1
          }
        }
      },
      "/Users/alessiobussolari/Lavoro/Github/Personale/better/better_page/lib/better_page/form_base_page.rb": {
        "lines": [
          null,
          null,
          1,
          null,
          null,
          null,
          null,
          null,
          null,
          null,
          null,
          null,
          null,
          null,
          null,
          null,
          null,
          null,
          null,
          null,
          null,
          null,
          null,
          null,
          null,
          null,
          null,
          null,
          null,
          null,
          null,
          null,
          null,
          null,
          null,
          null,
          null,
          null,
          null,
          null,
          null,
          null,
          null,
          null,
          null,
          null,
          null,
          null,
          null,
          null,
          null,
          null,
          null,
          null,
          null,
          null,
          null,
          null,
          null,
          1,
          1,
          null,
          null,
          1,
          null,
          null,
          null,
          null,
          null,
          null,
          1,
          9,
          9,
          9,
          null,
          null,
          null,
          null,
          null,
          null,
          null,
          null,
          null,
          null,
          1,
          10,
          null,
          0,
          null,
          null,
          null,
          null,
          1,
          1,
          null,
          null,
          1,
          null,
          null,
          null,
          null,
          null,
          1,
          9,
          null,
          3,
          4,
          null,
          12,
          12,
          12,
          null,
          null,
          4,
          1,
          null,
          null,
          null,
          null,
          4,
          1,
          null,
          null,
          null,
          null,
          null,
          null,
          null,
          null,
          null,
          null,
          null,
          1,
          null,
          1,
          null,
          null,
          null,
          null,
          null,
          null,
          null,
          null,
          null,
          null,
          null,
          null,
          1,
          null,
          2,
          null,
          null,
          2,
          2,
          2,
          null,
          null,
          null,
          null,
          1,
          1,
          null,
          null,
          null,
          null,
          1,
          1,
          null,
          null,
          null
        ],
        "branches": {
          "[:if, 0, 73, 6, 73, 68]": {
            "[:then, 1, 73, 6, 73, 49]": 9,
            "[:else, 2, 73, 6, 73, 68]": 0
          },
          "[:if, 3, 86, 6, 86, 85]": {
            "[:then, 4, 86, 6, 86, 42]": 10,
            "[:else, 5, 86, 6, 86, 85]": 0
          },
          "[:unless, 6, 104, 6, 104, 61]": {
            "[:else, 7, 104, 6, 104, 61]": 3,
            "[:then, 8, 104, 6, 104, 12]": 6
          },
          "[:unless, 9, 107, 8, 107, 47]": {
            "[:else, 10, 107, 8, 107, 47]": 4,
            "[:then, 11, 107, 8, 107, 12]": 0
          },
          "[:if, 12, 114, 8, 117, 11]": {
            "[:then, 13, 115, 10, 116, 120]": 1,
            "[:else, 14, 114, 8, 117, 11]": 3
          },
          "[:if, 15, 120, 8, 123, 11]": {
            "[:then, 16, 121, 10, 122, 115]": 1,
            "[:else, 17, 120, 8, 123, 11]": 3
          },
          "[:if, 18, 153, 6, 153, 54]": {
            "[:then, 19, 153, 6, 153, 39]": 1,
            "[:else, 20, 153, 6, 153, 54]": 1
          },
          "[:if, 21, 154, 6, 154, 33]": {
            "[:then, 22, 154, 6, 154, 25]": 1,
            "[:else, 23, 154, 6, 154, 33]": 1
          }
        }
      },
      "/Users/alessiobussolari/Lavoro/Github/Personale/better/better_page/lib/better_page/index_base_page.rb": {
        "lines": [
          null,
          null,
          1,
          null,
          null,
          null,
          null,
          null,
          null,
          null,
          null,
          null,
          null,
          null,
          null,
          null,
          null,
          null,
          null,
          null,
          null,
          null,
          null,
          1,
          1,
          null,
          null,
          null,
          1,
          8,
          null,
          null,
          null,
          null,
          null,
          null,
          null,
          null,
          null,
          null,
          1,
          14,
          null,
          1,
          null,
          null,
          null,
          null,
          1,
          2,
          null,
          null,
          1,
          null,
          null,
          null,
          null,
          null,
          null,
          1,
          null,
          null,
          1,
          null,
          null,
          null,
          null,
          null,
          null
        ],
        "branches": {
          "[:if, 0, 42, 6, 42, 87]": {
            "[:then, 1, 42, 6, 42, 43]": 13,
            "[:else, 2, 42, 6, 42, 87]": 1
          }
        }
      },
      "/Users/alessiobussolari/Lavoro/Github/Personale/better/better_page/lib/better_page/show_base_page.rb": {
        "lines": [
          null,
          null,
          1,
          null,
          null,
          null,
          null,
          null,
          null,
          null,
          null,
          null,
          null,
          null,
          null,
          null,
          null,
          null,
          null,
          null,
          null,
          1,
          1,
          null,
          null,
          null,
          1,
          4,
          null,
          null,
          null,
          null,
          null,
          null,
          null,
          null,
          null,
          null,
          1,
          6,
          null,
          1,
          null,
          null,
          null,
          null,
          1,
          1,
          null,
          null,
          1,
          null,
          null,
          null,
          null,
          1,
          5,
          null,
          null,
          null,
          null,
          null,
          null,
          null,
          null,
          null,
          1,
          null,
          5,
          null,
          null,
          null,
          null,
          null,
          5,
          1,
          4,
          1,
          3,
          1,
          null,
          2,
          null,
          null,
          5,
          null,
          null,
          null,
          null,
          null,
          null,
          null,
          null,
          1,
          null,
          1,
          null,
          null,
          null,
          null,
          null,
          null,
          null,
          null,
          null,
          null,
          null,
          null,
          null,
          1,
          null,
          2,
          null,
          null,
          null,
          null,
          null,
          null,
          null,
          null
        ],
        "branches": {
          "[:if, 0, 40, 6, 40, 85]": {
            "[:then, 1, 40, 6, 40, 42]": 5,
            "[:else, 2, 40, 6, 40, 85]": 1
          },
          "[:if, 3, 75, 6, 83, 9]": {
            "[:then, 4, 76, 8, 76, 33]": 1,
            "[:else, 5, 77, 6, 82, 35]": 4
          },
          "[:if, 6, 77, 6, 82, 35]": {
            "[:then, 7, 78, 8, 78, 59]": 1,
            "[:else, 8, 79, 6, 82, 35]": 3
          },
          "[:if, 9, 79, 6, 82, 35]": {
            "[:then, 10, 80, 8, 80, 33]": 1,
            "[:else, 11, 82, 8, 82, 35]": 2
          }
        }
      },
      "/Users/alessiobussolari/Lavoro/Github/Personale/better/better_page/lib/better_page/validation_error.rb": {
        "lines": [
          null,
          null,
          1,
          null,
          1,
          null,
          null
        ],
        "branches": {}
      },
      "/Users/alessiobussolari/Lavoro/Github/Personale/better/better_page/lib/generators/better_page/install_generator.rb": {
        "lines": [
          null,
          null,
          1,
          null,
          1,
          1,
          1,
          1,
          null,
          1,
          null,
          1,
          null,
          null,
          1,
          1,
          null,
          null,
          1,
          1,
          null,
          null,
          1,
          1,
          null,
          null,
          1,
          1,
          1,
          1,
          1,
          null,
          null,
          1,
          4,
          null,
          null,
          3,
          3,
          null,
          null,
          3,
          null,
          null,
          null,
          3,
          3,
          3,
          3,
          null,
          null,
          3,
          39,
          null,
          null,
          null,
          1,
          3,
          null,
          null,
          2,
          null,
          null,
          2,
          null,
          2,
          null,
          null,
          null,
          2,
          2,
          0,
          null,
          null,
          null,
          null,
          null,
          null,
          null,
          null,
          1,
          4,
          4,
          4,
          4,
          4,
          4,
          4,
          4,
          4,
          4,
          4,
          3,
          3,
          3,
          3,
          3,
          3,
          3,
          3,
          3,
          3,
          3,
          3,
          3,
          null,
          4,
          4,
          4,
          4,
          4,
          4,
          4,
          4,
          4,
          4,
          4,
          4,
          4,
          4,
          4,
          4,
          4,
          4,
          null,
          null,
          1,
          null,
          1,
          13,
          13,
          null,
          null,
          1,
          40,
          null,
          40,
          null,
          null,
          null,
          1,
          4,
          null,
          null,
          null,
          null,
          null,
          null,
          null,
          null,
          null,
          null,
          null,
          null,
          null,
          null,
          null,
          null,
          null,
          null
        ],
        "branches": {
          "[:if, 0, 35, 8, 35, 43]": {
            "[:then, 1, 35, 8, 35, 14]": 1,
            "[:else, 2, 35, 8, 35, 43]": 3
          },
          "[:if, 3, 58, 8, 58, 43]": {
            "[:then, 4, 58, 8, 58, 14]": 1,
            "[:else, 5, 58, 8, 58, 43]": 2
          },
          "[:if, 6, 71, 8, 78, 11]": {
            "[:then, 7, 72, 10, 72, 49]": 0,
            "[:else, 8, 71, 8, 78, 11]": 2
          },
          "[:unless, 9, 92, 8, 106, 11]": {
            "[:else, 10, 92, 8, 106, 11]": 1,
            "[:then, 11, 93, 10, 105, 47]": 3
          }
        }
      },
      "/Users/alessiobussolari/Lavoro/Github/Personale/better/better_page/lib/generators/better_page/page_generator.rb": {
        "lines": [
          null,
          null,
          1,
          null,
          1,
          1,
          1,
          1,
          null,
          1,
          null,
          1,
          null,
          null,
          1,
          null,
          1,
          2,
          1,
          1,
          null,
          null,
          null,
          1,
          4,
          null,
          4,
          7,
          7,
          6,
          null,
          1,
          null,
          null,
          null,
          null,
          1,
          2,
          2,
          2,
          null,
          null,
          1,
          null,
          1,
          13,
          3,
          2,
          2,
          2,
          2,
          null,
          null,
          null,
          1,
          9,
          null,
          null,
          1,
          11,
          null,
          null,
          1,
          3,
          3,
          null,
          null,
          1,
          6,
          null,
          null,
          1,
          2,
          null,
          null,
          1,
          2,
          null,
          null,
          1,
          2,
          2,
          2,
          null,
          null,
          1,
          2,
          5,
          null,
          null,
          1,
          3,
          9,
          null,
          null,
          1,
          2,
          null,
          null,
          null,
          null
        ],
        "branches": {
          "[:unless, 0, 18, 8, 21, 11]": {
            "[:else, 1, 18, 8, 21, 11]": 1,
            "[:then, 2, 19, 10, 20, 16]": 1
          },
          "[:if, 3, 25, 30, 25, 80]": {
            "[:then, 4, 25, 47, 25, 70]": 1,
            "[:else, 5, 25, 73, 25, 80]": 3
          },
          "[:if, 6, 29, 10, 33, 13]": {
            "[:then, 7, 30, 12, 30, 64]": 6,
            "[:else, 8, 32, 12, 32, 63]": 1
          },
          "[:case, 9, 46, 8, 52, 11]": {
            "[:when, 10, 47, 26, 47, 38]": 3,
            "[:when, 11, 48, 25, 48, 36]": 2,
            "[:when, 12, 49, 24, 49, 34]": 2,
            "[:when, 13, 50, 25, 50, 36]": 2,
            "[:when, 14, 51, 27, 51, 40]": 2,
            "[:else, 15, 46, 8, 52, 11]": 2
          },
          "[:if, 16, 65, 8, 65, 56]": {
            "[:then, 17, 65, 27, 65, 50]": 2,
            "[:else, 18, 65, 8, 65, 56]": 1
          }
        }
      },
      "/Users/alessiobussolari/Lavoro/Github/Personale/better/better_page/lib/generators/better_page/sync_generator.rb": {
        "lines": [
          null,
          null,
          1,
          null,
          1,
          1,
          null,
          null,
          null,
          null,
          null,
          null,
          null,
          null,
          null,
          1,
          1,
          null,
          1,
          6,
          6,
          6,
          6,
          null,
          null,
          6,
          null,
          null,
          6,
          null,
          null,
          6,
          6,
          null,
          6,
          4,
          4,
          null,
          2,
          1,
          2,
          1,
          1,
          1,
          1,
          null,
          null,
          2,
          1,
          2,
          1,
          null,
          null,
          null,
          6,
          6,
          null,
          null,
          1,
          null,
          1,
          2,
          2,
          null,
          2,
          8,
          8,
          null,
          null,
          2,
          null,
          null,
          1,
          5,
          5,
          null,
          5,
          null,
          null,
          null,
          null,
          null,
          null,
          5,
          20,
          20,
          10,
          10,
          1,
          null,
          9,
          null,
          null,
          10,
          10,
          null,
          null,
          null,
          5,
          null,
          null,
          1,
          16,
          null,
          16,
          null,
          null,
          null,
          null
        ],
        "branches": {
          "[:if, 0, 35, 8, 53, 11]": {
            "[:then, 1, 36, 10, 37, 16]": 4,
            "[:else, 2, 39, 10, 52, 13]": 2
          },
          "[:if, 3, 39, 10, 46, 13]": {
            "[:then, 4, 40, 12, 45, 18]": 1,
            "[:else, 5, 39, 10, 46, 13]": 1
          },
          "[:if, 6, 48, 10, 52, 13]": {
            "[:then, 7, 49, 12, 51, 18]": 1,
            "[:else, 8, 48, 10, 52, 13]": 1
          },
          "[:if, 9, 86, 10, 96, 13]": {
            "[:then, 10, 87, 12, 92, 15]": 10,
            "[:else, 11, 94, 12, 95, 63]": 10
          },
          "[:if, 12, 88, 12, 92, 15]": {
            "[:then, 13, 89, 14, 89, 68]": 1,
            "[:else, 14, 91, 14, 91, 61]": 9
          }
        }
      }
    },
    "timestamp": 1764554178
  }
}
