{
  "RSpec": {
    "coverage": {
      "/Users/alessiobussolari/Lavoro/Github/Personale/better/better_page/lib/better_page.rb": {
        "lines": [
          null,
          null,
          1,
          1,
          null,
          1,
          null,
          1,
          1,
          1,
          1,
          1,
          1,
          null,
          null,
          1,
          1,
          1,
          1,
          1,
          null,
          null,
          1,
          1,
          null,
          null,
          null,
          null,
          1,
          null,
          null,
          null,
          1,
          null,
          null,
          null,
          1,
          2,
          null,
          null,
          null,
          null,
          null,
          null,
          null,
          null,
          null,
          null,
          null,
          null,
          null,
          1,
          1,
          1,
          null,
          null,
          null,
          null,
          null,
          null,
          1,
          0,
          null,
          null,
          null,
          null,
          null,
          1,
          1,
          null,
          null,
          null,
          null,
          null,
          null,
          1,
          1,
          null,
          null,
          null
        ],
        "branches": {
          "[:if, 0, 4, 0, 4, 57]": {
            "[:then, 1, 4, 0, 4, 29]": 1,
            "[:else, 2, 4, 0, 4, 57]": 0
          }
        }
      },
      "/Users/alessiobussolari/Lavoro/Github/Personale/better/better_page/lib/better_page/railtie.rb": {
        "lines": [
          null,
          null,
          1,
          1,
          null,
          null,
          1,
          1,
          1,
          1,
          1,
          null,
          null,
          null,
          null,
          null,
          1,
          1,
          1,
          null,
          null,
          null,
          1,
          0,
          null,
          null,
          null,
          1,
          0,
          0,
          0,
          null,
          null,
          null
        ],
        "branches": {
          "[:if, 0, 9, 6, 12, 9]": {
            "[:then, 1, 10, 8, 11, 54]": 1,
            "[:else, 2, 9, 6, 12, 9]": 0
          }
        }
      },
      "/Users/alessiobussolari/Lavoro/Github/Personale/better/better_page/lib/better_page/default_components.rb": {
        "lines": [
          null,
          null,
          1,
          null,
          null,
          null,
          null,
          null,
          null,
          null,
          null,
          null,
          1,
          1,
          null,
          null,
          1,
          1,
          1,
          1,
          1,
          1,
          1,
          null,
          1,
          1,
          null,
          null,
          null,
          null,
          null,
          1,
          0,
          null,
          null,
          null,
          null,
          null,
          null,
          1,
          null,
          1,
          null,
          1,
          1,
          1,
          1,
          1,
          1,
          null,
          null,
          null,
          1,
          null,
          null,
          1,
          null,
          null,
          1,
          null,
          null,
          1,
          null,
          null,
          1,
          null,
          1,
          1,
          1,
          1,
          1,
          1,
          1,
          1,
          1,
          null,
          null,
          null,
          null,
          1,
          1,
          1,
          1,
          null,
          null,
          null,
          1,
          null,
          null,
          null,
          null,
          null,
          1,
          1,
          1,
          1,
          null,
          null,
          null,
          1,
          1,
          1,
          1,
          1,
          1,
          null,
          null,
          null,
          1,
          null,
          null,
          null,
          null,
          null,
          null,
          1,
          1,
          1,
          1,
          1,
          null,
          null,
          null,
          1,
          null,
          null,
          1,
          null,
          null,
          null,
          null,
          null,
          null,
          null,
          null,
          null,
          null,
          null,
          null,
          null,
          null,
          null,
          1,
          null,
          1,
          null,
          null,
          1,
          null,
          1,
          null,
          null,
          1,
          null,
          null,
          1,
          null,
          1,
          null,
          null,
          1,
          null,
          1,
          null,
          null,
          null,
          null,
          null,
          1,
          null,
          null,
          null,
          null,
          1,
          null,
          null,
          null,
          1,
          null,
          null,
          null,
          1,
          null,
          1,
          null,
          null,
          1,
          null,
          null,
          1,
          null,
          null,
          1,
          null,
          null,
          null,
          null
        ],
        "branches": {}
      },
      "/Users/alessiobussolari/Lavoro/Github/Personale/better/better_page/lib/better_page/configuration.rb": {
        "lines": [
          null,
          null,
          1,
          null,
          1,
          null,
          null,
          null,
          null,
          null,
          null,
          null,
          null,
          null,
          1,
          1,
          null,
          1,
          1,
          null,
          1,
          null,
          null,
          null,
          null,
          null,
          1,
          null,
          null,
          null,
          null,
          null,
          null,
          null,
          null,
          null,
          null,
          null,
          null,
          null,
          null,
          null,
          null,
          null,
          null,
          null,
          null,
          null,
          null,
          1,
          16,
          null,
          16,
          null,
          null,
          null,
          null,
          null,
          null,
          null,
          null,
          null,
          null,
          null,
          null,
          null,
          null,
          null,
          null,
          null,
          1,
          4,
          4,
          4,
          4,
          null,
          null,
          null,
          null,
          null,
          null,
          null,
          null,
          null,
          null,
          null,
          1,
          4,
          4,
          4,
          4,
          null,
          null,
          null,
          null,
          null,
          null,
          1,
          0,
          null,
          null,
          null,
          null,
          null,
          null,
          null,
          1,
          0,
          0,
          null,
          null,
          0,
          null,
          null,
          null,
          null,
          null,
          null,
          1,
          0,
          null,
          null,
          null,
          null,
          null,
          1,
          0,
          null,
          null,
          null,
          null,
          1,
          0,
          0,
          0,
          null,
          null,
          null,
          1,
          0,
          0,
          0,
          0,
          0,
          null,
          null,
          1,
          null,
          1,
          0,
          null,
          null,
          null
        ],
        "branches": {
          "[:if, 0, 51, 15, 51, 69]": {
            "[:then, 1, 51, 30, 51, 63]": 6,
            "[:else, 2, 51, 66, 51, 69]": 10
          },
          "[:if, 3, 109, 6, 109, 49]": {
            "[:then, 4, 109, 6, 109, 17]": 0,
            "[:else, 5, 109, 6, 109, 49]": 0
          },
          "[:\"&.\", 6, 112, 6, 112, 34]": {
            "[:then, 7, 112, 6, 112, 34]": 0,
            "[:else, 8, 112, 6, 112, 34]": 0
          },
          "[:if, 9, 150, 34, 150, 60]": {
            "[:then, 10, 150, 51, 150, 56]": 0,
            "[:else, 11, 150, 59, 150, 60]": 0
          }
        }
      },
      "/Users/alessiobussolari/Lavoro/Github/Personale/better/better_page/lib/better_page/component_registry.rb": {
        "lines": [
          null,
          null,
          1,
          null,
          1,
          null,
          null,
          null,
          null,
          null,
          null,
          null,
          null,
          null,
          null,
          null,
          null,
          null,
          null,
          null,
          null,
          null,
          null,
          null,
          null,
          null,
          1,
          1,
          null,
          1,
          1,
          1,
          null,
          null,
          1,
          null,
          null,
          null,
          null,
          null,
          null,
          null,
          null,
          null,
          null,
          null,
          1,
          0,
          0,
          null,
          0,
          null,
          null,
          null,
          null,
          null,
          null,
          null,
          null,
          null,
          null,
          null,
          null,
          null,
          null,
          null,
          null,
          null,
          null,
          null,
          1,
          17,
          null,
          17,
          null,
          null,
          null,
          null,
          null,
          null,
          null,
          null,
          null,
          null,
          null,
          null,
          null,
          1,
          0,
          null,
          null,
          0,
          0,
          0,
          0,
          0,
          null,
          null,
          0,
          null,
          0,
          null,
          null,
          null,
          null,
          null,
          null,
          null,
          null,
          null,
          0,
          0,
          null,
          null,
          0,
          null,
          null,
          null,
          null,
          null,
          1,
          0,
          null,
          null,
          null,
          1,
          17,
          17,
          null,
          null,
          1,
          null,
          1,
          0,
          null,
          null,
          null,
          null,
          null,
          null,
          1,
          0,
          null,
          0,
          0,
          0,
          0,
          null,
          null,
          0,
          null,
          null,
          null,
          null,
          null,
          null,
          null,
          null,
          null,
          null,
          null,
          null,
          null,
          1,
          0,
          0,
          null,
          0,
          0,
          null,
          null,
          0,
          null,
          null,
          null,
          null,
          null,
          null,
          null,
          null,
          null,
          null,
          null,
          1,
          0,
          0,
          null,
          0,
          0,
          null,
          0,
          0,
          null,
          null,
          0,
          null,
          null,
          null,
          null,
          null,
          null,
          null,
          null,
          null,
          null,
          null,
          1,
          0,
          null,
          null,
          null,
          null,
          null,
          null,
          1,
          0,
          null,
          null,
          null,
          null,
          null,
          null,
          1,
          0,
          null,
          null,
          null,
          null,
          null,
          null,
          1,
          0,
          null,
          null,
          null,
          null,
          null,
          null,
          1,
          0,
          null,
          null,
          null,
          null,
          null,
          null,
          null,
          null,
          null,
          null,
          null,
          null,
          null,
          null,
          null,
          1,
          0,
          null,
          0,
          0,
          0,
          0,
          null,
          0,
          null,
          0,
          0,
          0,
          0,
          null,
          0,
          null,
          null,
          0,
          null,
          null,
          null,
          1,
          0,
          null,
          0,
          0,
          0,
          0,
          null,
          0,
          null,
          null,
          null,
          1,
          null,
          null,
          null,
          null,
          null,
          1,
          null,
          0,
          0,
          0,
          0,
          0,
          0,
          0,
          0,
          0,
          0,
          0,
          0,
          null,
          null,
          null,
          1,
          0,
          0,
          0,
          null,
          0,
          null,
          null,
          1,
          0,
          0,
          null,
          0,
          null,
          null,
          null,
          1,
          null,
          0,
          0,
          null,
          null,
          null,
          0,
          null,
          null,
          0,
          0,
          null,
          0,
          null,
          null,
          0,
          null,
          0,
          null,
          null,
          null,
          null,
          1,
          0,
          0,
          0,
          0,
          null,
          null,
          0,
          0,
          null,
          null,
          0,
          null,
          null,
          null,
          1,
          0,
          0,
          0,
          0,
          null,
          0,
          null,
          null,
          null,
          null,
          null,
          1,
          1,
          null,
          1,
          33,
          33,
          33,
          33,
          null,
          null,
          1,
          0,
          null,
          null,
          null
        ],
        "branches": {
          "[:if, 0, 48, 8, 52, 11]": {
            "[:then, 1, 49, 10, 49, 32]": 0,
            "[:else, 2, 51, 10, 51, 20]": 0
          },
          "[:if, 3, 72, 17, 72, 65]": {
            "[:then, 4, 72, 32, 72, 59]": 0,
            "[:else, 5, 72, 62, 72, 65]": 17
          },
          "[:if, 6, 92, 8, 108, 11]": {
            "[:then, 7, 93, 10, 107, 13]": 0,
            "[:else, 8, 92, 8, 108, 11]": 0
          },
          "[:unless, 9, 96, 12, 96, 34]": {
            "[:else, 10, 96, 12, 96, 34]": 0,
            "[:then, 11, 96, 12, 96, 16]": 0
          },
          "[:unless, 12, 166, 6, 166, 54]": {
            "[:else, 13, 166, 6, 166, 54]": 0,
            "[:then, 14, 166, 6, 166, 16]": 0
          },
          "[:if, 15, 169, 6, 169, 48]": {
            "[:then, 16, 169, 6, 169, 16]": 0,
            "[:else, 17, 169, 6, 169, 48]": 0
          },
          "[:if, 18, 186, 24, 186, 82]": {
            "[:then, 19, 186, 44, 186, 61]": 0,
            "[:else, 20, 186, 64, 186, 82]": 0
          },
          "[:unless, 21, 189, 8, 189, 40]": {
            "[:else, 22, 189, 8, 189, 40]": 0,
            "[:then, 23, 189, 8, 189, 12]": 0
          },
          "[:if, 24, 192, 8, 192, 44]": {
            "[:then, 25, 192, 8, 192, 12]": 0,
            "[:else, 26, 192, 8, 192, 44]": 0
          },
          "[:if, 27, 259, 6, 275, 9]": {
            "[:then, 28, 260, 8, 265, 11]": 0,
            "[:else, 29, 266, 6, 274, 13]": 0
          },
          "[:if, 30, 261, 8, 265, 11]": {
            "[:then, 31, 262, 10, 262, 27]": 0,
            "[:else, 32, 264, 10, 264, 15]": 0
          },
          "[:if, 33, 266, 6, 274, 13]": {
            "[:then, 34, 267, 8, 272, 11]": 0,
            "[:else, 35, 274, 8, 274, 13]": 0
          },
          "[:if, 36, 268, 8, 272, 11]": {
            "[:then, 37, 269, 10, 269, 28]": 0,
            "[:else, 38, 271, 10, 271, 15]": 0
          },
          "[:if, 39, 281, 6, 287, 9]": {
            "[:then, 40, 282, 8, 284, 47]": 0,
            "[:else, 41, 286, 8, 286, 13]": 0
          },
          "[:if, 42, 282, 17, 282, 72]": {
            "[:then, 43, 282, 52, 282, 60]": 0,
            "[:else, 44, 282, 63, 282, 72]": 0
          },
          "[:if, 45, 298, 16, 298, 97]": {
            "[:then, 46, 298, 60, 298, 91]": 0,
            "[:else, 47, 298, 94, 298, 97]": 0
          },
          "[:if, 48, 299, 15, 299, 94]": {
            "[:then, 49, 299, 58, 299, 88]": 0,
            "[:else, 50, 299, 91, 299, 94]": 0
          },
          "[:if, 51, 300, 16, 300, 97]": {
            "[:then, 52, 300, 60, 300, 91]": 0,
            "[:else, 53, 300, 94, 300, 97]": 0
          },
          "[:if, 54, 301, 20, 301, 109]": {
            "[:then, 55, 301, 68, 301, 103]": 0,
            "[:else, 56, 301, 106, 301, 109]": 0
          },
          "[:if, 57, 302, 20, 302, 109]": {
            "[:then, 58, 302, 68, 302, 103]": 0,
            "[:else, 59, 302, 106, 302, 109]": 0
          },
          "[:if, 60, 303, 17, 303, 100]": {
            "[:then, 61, 303, 62, 303, 94]": 0,
            "[:else, 62, 303, 97, 303, 100]": 0
          },
          "[:if, 63, 304, 14, 304, 91]": {
            "[:then, 64, 304, 56, 304, 85]": 0,
            "[:else, 65, 304, 88, 304, 91]": 0
          },
          "[:if, 66, 305, 16, 305, 97]": {
            "[:then, 67, 305, 60, 305, 91]": 0,
            "[:else, 68, 305, 94, 305, 97]": 0
          },
          "[:if, 69, 306, 15, 306, 94]": {
            "[:then, 70, 306, 58, 306, 88]": 0,
            "[:else, 71, 306, 91, 306, 94]": 0
          },
          "[:if, 72, 307, 16, 307, 97]": {
            "[:then, 73, 307, 60, 307, 91]": 0,
            "[:else, 74, 307, 94, 307, 97]": 0
          },
          "[:if, 75, 308, 25, 308, 122]": {
            "[:then, 76, 308, 77, 308, 116]": 0,
            "[:else, 77, 308, 119, 308, 122]": 0
          },
          "[:if, 78, 309, 16, 309, 97]": {
            "[:then, 79, 309, 60, 309, 91]": 0,
            "[:else, 80, 309, 94, 309, 97]": 0
          },
          "[:if, 81, 314, 6, 314, 31]": {
            "[:then, 82, 314, 6, 314, 17]": 0,
            "[:else, 83, 314, 6, 314, 31]": 0
          },
          "[:if, 84, 315, 6, 315, 55]": {
            "[:then, 85, 315, 6, 315, 17]": 0,
            "[:else, 86, 315, 6, 315, 55]": 0
          },
          "[:if, 87, 316, 6, 316, 66]": {
            "[:then, 88, 316, 6, 316, 17]": 0,
            "[:else, 89, 316, 6, 316, 66]": 0
          },
          "[:if, 90, 322, 6, 326, 9]": {
            "[:then, 91, 323, 8, 323, 18]": 0,
            "[:else, 92, 325, 8, 325, 26]": 0
          },
          "[:if, 93, 331, 6, 333, 9]": {
            "[:then, 94, 332, 8, 332, 82]": 0,
            "[:else, 95, 331, 6, 333, 9]": 0
          },
          "[:unless, 96, 336, 6, 336, 46]": {
            "[:else, 97, 336, 6, 336, 46]": 0,
            "[:then, 98, 336, 6, 336, 12]": 0
          },
          "[:if, 99, 339, 26, 343, 9]": {
            "[:then, 100, 340, 28, 340, 68]": 0,
            "[:else, 101, 342, 28, 342, 57]": 0
          },
          "[:if, 102, 345, 6, 345, 42]": {
            "[:then, 103, 345, 6, 345, 12]": 0,
            "[:else, 104, 345, 6, 345, 42]": 0
          },
          "[:unless, 105, 356, 8, 356, 65]": {
            "[:else, 106, 356, 8, 356, 65]": 0,
            "[:then, 107, 356, 8, 356, 42]": 0
          },
          "[:if, 108, 359, 6, 364, 9]": {
            "[:then, 109, 360, 8, 360, 86]": 0,
            "[:else, 110, 363, 8, 363, 77]": 0
          },
          "[:if, 111, 368, 6, 374, 9]": {
            "[:then, 112, 369, 8, 369, 50]": 0,
            "[:else, 113, 370, 6, 373, 38]": 0
          },
          "[:if, 114, 370, 6, 373, 38]": {
            "[:then, 115, 371, 8, 371, 51]": 0,
            "[:else, 116, 373, 8, 373, 38]": 0
          }
        }
      },
      "/Users/alessiobussolari/Lavoro/Github/Personale/better/better_page/lib/better_page/base_page.rb": {
        "lines": [
          null,
          null,
          1,
          null,
          null,
          null,
          null,
          null,
          null,
          null,
          null,
          null,
          null,
          null,
          null,
          null,
          null,
          1,
          1,
          1,
          null,
          1,
          null,
          null,
          null,
          1,
          15,
          15,
          15,
          15,
          15,
          15,
          null,
          null,
          1,
          null,
          null,
          null,
          null,
          null,
          null,
          1,
          4,
          null,
          null,
          null,
          null,
          null,
          null,
          1,
          3,
          null,
          2,
          null,
          null,
          null,
          null,
          null,
          null,
          1,
          4,
          null,
          3,
          null,
          null,
          null,
          null,
          null,
          null,
          null,
          null,
          null,
          null,
          1,
          null,
          2,
          null,
          null,
          null,
          null,
          2,
          1,
          null,
          null,
          null,
          null,
          null,
          null,
          2,
          null,
          null,
          null,
          null,
          null,
          1,
          1,
          null,
          null,
          null,
          null,
          1,
          1,
          null,
          null,
          null,
          null,
          1,
          1,
          null,
          null,
          null,
          null,
          1,
          1,
          null,
          null,
          null,
          null,
          1,
          1,
          null,
          null,
          null,
          null,
          1,
          null,
          1,
          null,
          null,
          null,
          null,
          null,
          null,
          null,
          1,
          null,
          1,
          null,
          null,
          null,
          null,
          null,
          null,
          null,
          null,
          null,
          null,
          null,
          null,
          null,
          null,
          null,
          1,
          null,
          1,
          null,
          null,
          null,
          null,
          null,
          null
        ],
        "branches": {
          "[:if, 0, 43, 18, 43, 48]": {
            "[:then, 1, 43, 31, 43, 39]": 1,
            "[:else, 2, 43, 42, 43, 48]": 3
          },
          "[:unless, 3, 51, 6, 51, 30]": {
            "[:else, 4, 51, 6, 51, 30]": 2,
            "[:then, 5, 51, 6, 51, 18]": 1
          },
          "[:if, 6, 61, 6, 61, 29]": {
            "[:then, 7, 61, 6, 61, 14]": 1,
            "[:else, 8, 61, 6, 61, 29]": 3
          },
          "[:if, 9, 81, 6, 87, 9]": {
            "[:then, 10, 82, 8, 86, 9]": 1,
            "[:else, 11, 81, 6, 87, 9]": 1
          }
        }
      }
    },
    "timestamp": 1764720616
  }
}
